2025-11-15 16:45:51,755 : INFO : root : Loading config.
2025-11-15 16:45:51,757 : INFO : YamlMultifileConfigLoader : Machine config file #1: config.yaml
2025-11-15 16:45:51,757 : INFO : ConfigProcessor : Loading config from cache: C:\Users\finis\AppData\Local\Temp\46a2264aace4dc9247b28883ea729273.mpf_cache
2025-11-15 16:45:51,757 : WARNING : ConfigProcessor : Config file in cache changed: C:\Users\finis\diehard-mpf\config\lights.yaml
2025-11-15 16:45:51,757 : INFO : ConfigProcessor : Loading config from file C:\Users\finis\mpf\Lib\site-packages\mpf\mpfconfig.yaml.
2025-11-15 16:45:51,765 : INFO : ConfigProcessor : Loading config: C:\Users\finis\mpf\Lib\site-packages\mpf\mpfconfig.yaml
2025-11-15 16:45:51,767 : INFO : ConfigProcessor : Loading config from file C:\Users\finis\diehard-mpf\config\config.yaml.
2025-11-15 16:45:51,770 : INFO : ConfigProcessor : Loading config: C:\Users\finis\diehard-mpf\config\config.yaml
2025-11-15 16:45:51,771 : INFO : ConfigProcessor : Loading config: C:\Users\finis\diehard-mpf\config\ball_devices.yaml
2025-11-15 16:45:51,772 : INFO : ConfigProcessor : Loading config: C:\Users\finis\diehard-mpf\config\coils.yaml
2025-11-15 16:45:51,791 : INFO : ConfigProcessor : Loading config: C:\Users\finis\diehard-mpf\config\lights.yaml
2025-11-15 16:45:51,793 : INFO : ConfigProcessor : Loading config: C:\Users\finis\diehard-mpf\config\shot_profiles.yaml
2025-11-15 16:45:51,796 : INFO : ConfigProcessor : Loading config: C:\Users\finis\diehard-mpf\config\switches.yaml
2025-11-15 16:45:51,798 : INFO : ConfigProcessor : Config file cache created: C:\Users\finis\AppData\Local\Temp\46a2264aace4dc9247b28883ea729273.mpf_cache
2025-11-15 16:45:51,851 : INFO : ConfigProcessor : Loading config from cache: C:\Users\finis\AppData\Local\Temp\7a912b2511d42635e0b426a52fd16cc1.mpf_cache
2025-11-15 16:45:51,851 : INFO : ConfigProcessor : Loading config from cache: C:\Users\finis\AppData\Local\Temp\846fbc79a2a788b1cf5d5d816f13713f.mpf_cache
2025-11-15 16:45:51,853 : INFO : ConfigProcessor : Loading config from cache: C:\Users\finis\AppData\Local\Temp\7a912b2511d42635e0b426a52fd16cc1.mpf_cache
2025-11-15 16:45:51,853 : INFO : ConfigProcessor : Loading config from cache: C:\Users\finis\AppData\Local\Temp\771489ba91bf1192210b19104700c5d3.mpf_cache
2025-11-15 16:45:51,853 : INFO : ConfigProcessor : Loading config from cache: C:\Users\finis\AppData\Local\Temp\46e23fa43ebcbad0058dff2ccd1749db.mpf_cache
2025-11-15 16:45:51,854 : INFO : ConfigProcessor : Loading config from cache: C:\Users\finis\AppData\Local\Temp\4b672ce255959e7c9d79f5c0592d724e.mpf_cache
2025-11-15 16:45:51,854 : INFO : ConfigProcessor : Loading config from cache: C:\Users\finis\AppData\Local\Temp\e56caea5064b88beeafa152aec070b7d.mpf_cache
2025-11-15 16:45:51,854 : INFO : ConfigProcessor : Loading config from cache: C:\Users\finis\AppData\Local\Temp\9e3f944bf38390c8870a73dddcf76b67.mpf_cache
2025-11-15 16:45:51,856 : INFO : ConfigProcessor : Loading config from cache: C:\Users\finis\AppData\Local\Temp\4bf8b529c69b45d37a3cfe4b57c83b44.mpf_cache
2025-11-15 16:45:51,856 : INFO : ConfigProcessor : Loading config from cache: C:\Users\finis\AppData\Local\Temp\363f67c1c91992cd991e35986d72087d.mpf_cache
2025-11-15 16:45:51,856 : INFO : Machine : Mission Pinball Framework Core Engine v0.80.0.dev11
2025-11-15 16:45:51,856 : INFO : Machine : Command line arguments: {'no_load_cache': False, 'create_config_cache': True, 'bcp': False, 'configfile': ['config.yaml'], 'force_assets_load': False, 'platform_integration_test': False, 'jsonlogging': False, 'logfile': 'logs\\2025-11-15-16-45-51-mpf-Bosgame-1NWVA.log', 'pause': False, 'production': False, 'text_ui': False, 'loglevel': 15, 'consoleloglevel': 20, 'force_platform': None, 'syslog_address': None, 'full_logfile_path': 'C:\\Users\\finis\\diehard-mpf\\logs\\2025-11-15-16-45-51-mpf-Bosgame-1NWVA.log'}
2025-11-15 16:45:51,856 : INFO : Machine : MPF path: C:\Users\finis\mpf\Lib\site-packages\mpf
2025-11-15 16:45:51,858 : INFO : Machine : Machine path: C:\Users\finis\diehard-mpf
2025-11-15 16:45:51,858 : INFO : Machine : Platform: win32
2025-11-15 16:45:51,858 : INFO : Machine : Python executable location: C:\Users\finis\mpf\Scripts\python.exe
2025-11-15 16:45:51,858 : INFO : Machine : Python version: 3.12.7 (64-bit)
2025-11-15 16:45:51,859 : INFO : Machine : Initializing MPF...
2025-11-15 16:45:51,921 : INFO : FAST : Auto-detecting ports for the following connections: ['net', 'aud']
2025-11-15 16:45:52,170 : INFO : FAST : Detected AUD on port COM5
2025-11-15 16:45:52,170 : INFO : FAST : Detected NET on port COM4
2025-11-15 16:45:52,280 : INFO : FAST [NET] : Trying to connect to COM4 at 921600bps
2025-11-15 16:45:52,358 : INFO : FAST [NET] : Connected to COM4 at 921600bps
2025-11-15 16:45:52,375 : INFO : FAST [NET] : Connected to FP-CPU-2000 with firmware v02.26
2025-11-15 16:45:52,407 : INFO : FAST [NET] : Registered I/O Board 0: Model: FP-I/O-0024, Firmware: 01.10, Switches: 24, Drivers: 8
2025-11-15 16:45:52,423 : INFO : FAST [NET] : Registered I/O Board 1: Model: FP-I/O-3208, Firmware: 01.10, Switches: 32, Drivers: 8
2025-11-15 16:45:52,439 : INFO : FAST [NET] : Registered I/O Board 2: Model: FP-I/O-1616, Firmware: 01.10, Switches: 16, Drivers: 16
2025-11-15 16:45:52,455 : INFO : FAST [NET] : Registered I/O Board 3: Model: FP-I/O-1616, Firmware: 01.10, Switches: 16, Drivers: 16
2025-11-15 16:45:52,456 : INFO : FAST [EXP] : Trying to connect to COM3 at 921600bps
2025-11-15 16:45:52,533 : INFO : FAST [EXP] : Connected to COM3 at 921600bps
2025-11-15 16:45:52,550 : INFO : FAST [EXP] : Verifying hardware for EXP "playfield" (FP-EXP-0081, @84) with ID string "EXP FP-EXP-0081  0.12", board address 84
2025-11-15 16:45:52,566 : INFO : FAST [EXP] : Verifying hardware for EXP "playfield" (FP-EXP-0081, @84) with ID string "BRK FP-EXP-0081  0.12", board address 840
2025-11-15 16:45:52,582 : INFO : FAST [EXP] : Verifying hardware for EXP "playfield" (FP-EXP-0081, @84) with ID string "BRK FP-EXP-0081  0.12", board address 841
2025-11-15 16:45:52,597 : INFO : FAST [AUD] : Trying to connect to COM5 at 230400bps
2025-11-15 16:45:52,676 : INFO : FAST [AUD] : Connected to COM5 at 230400bps
2025-11-15 16:45:52,691 : INFO : FAST [AUD] : Connected to FP-AUD-0100 with firmware v0.02
2025-11-15 16:45:52,691 : INFO : EventManager : Event: ======'machine_var_credits_string'====== Args={'value': 'FREE PLAY', 'prev_value': None, 'change': True}
2025-11-15 16:45:52,705 : INFO : EventManager : Event: ======'machine_var_fast_audio_headphones_volume'====== Args={'value': 10, 'prev_value': None, 'change': True}
2025-11-15 16:45:52,705 : INFO : EventManager : Event: ======'machine_var_fast_audio_main_volume'====== Args={'value': 60, 'prev_value': None, 'change': True}
2025-11-15 16:45:52,705 : INFO : EventManager : Event: ======'machine_var_master_volume'====== Args={'value': 0.5, 'prev_value': None, 'change': True}
2025-11-15 16:45:52,705 : INFO : EventManager : Event: ======'machine_var_player1_score'====== Args={'value': 17120, 'prev_value': None, 'change': True}
2025-11-15 16:45:52,705 : INFO : EventManager : Event: ======'machine_var_var_which_attract'====== Args={'value': 0, 'prev_value': None, 'change': True}
2025-11-15 16:45:52,705 : INFO : EventManager : Event: ======'machine_var_mpf_version'====== Args={'value': 'Mission Pinball Framework v0.80.0.dev11', 'prev_value': None, 'change': True}
2025-11-15 16:45:52,705 : INFO : EventManager : Event: ======'machine_var_mpf_extended_version'====== Args={'value': 'Mission Pinball Framework v0.80.0.dev11, Config version:6, Show version: 6, BCP version:1.1', 'prev_value': None, 'change': True}
2025-11-15 16:45:52,705 : INFO : EventManager : Event: ======'machine_var_python_version'====== Args={'value': '3.12.7', 'prev_value': None, 'change': True}
2025-11-15 16:45:52,807 : INFO : EventManager : Event: ======'machine_var_platform'====== Args={'value': 'Windows-11-10.0.26200-SP0', 'prev_value': None, 'change': True}
2025-11-15 16:45:52,807 : INFO : EventManager : Event: ======'machine_var_platform_system'====== Args={'value': 'Windows', 'prev_value': None, 'change': True}
2025-11-15 16:45:52,807 : INFO : EventManager : Event: ======'machine_var_platform_release'====== Args={'value': '11', 'prev_value': None, 'change': True}
2025-11-15 16:45:52,807 : INFO : EventManager : Event: ======'machine_var_platform_version'====== Args={'value': '10.0.26200', 'prev_value': None, 'change': True}
2025-11-15 16:45:52,807 : INFO : EventManager : Event: ======'machine_var_platform_machine'====== Args={'value': 'AMD64', 'prev_value': None, 'change': True}
2025-11-15 16:45:52,807 : INFO : EventManager : Event: ======'machine_var_log_file_path'====== Args={'value': 'C:\\Users\\finis\\diehard-mpf\\logs\\2025-11-15-16-45-51-mpf-Bosgame-1NWVA.log', 'prev_value': None, 'change': True}
2025-11-15 16:45:52,807 : INFO : EventManager : Event: ======'init_phase_1'====== Args={}
2025-11-15 16:45:52,842 : INFO : EventManager : Event: ======'drop_target_bank_bank_up'====== Args={}
2025-11-15 16:45:52,842 : INFO : EventManager : Event: ======'drop_target_bank_bank1_up'====== Args={}
2025-11-15 16:45:52,842 : INFO : EventManager : Event: ======'drop_target_bank_bank2_up'====== Args={}
2025-11-15 16:45:52,842 : ERROR : asyncio : Task exception was never retrieved
future: <Task finished name='Task-196' coro=<SystemWideDevice.device_added_system_wide() done, defined at C:\Users\finis\mpf\Lib\site-packages\mpf\core\system_wide_device.py:15> exception=ConfigFileError('Failed to parse light number l81 in platform. See error above')>
Traceback (most recent call last):
  File "C:\Users\finis\mpf\Lib\site-packages\mpf\devices\light.py", line 237, in _load_hw_drivers
    channel_list = platform.parse_light_number_to_channels(self.config['number'], self.config['subtype'])
                   ^^^^^^^^^^^^^^^^^^^^^^^^^^^^^^^^^^^^^^^^^^^^^^^^^^^^^^^^^^^^^^^^^^^^^^^^^^^^^^^^^^^^^^
  File "C:\Users\finis\mpf\Lib\site-packages\mpf\platforms\fast\fast.py", line 733, in parse_light_number_to_channels
    raise AssertionError(f"Unknown LED subtype {subtype}")
AssertionError: Unknown LED subtype led b

The above exception was the direct cause of the following exception:

Traceback (most recent call last):
  File "C:\Users\finis\mpf\Lib\site-packages\mpf\core\system_wide_device.py", line 17, in device_added_system_wide
    await self._initialize()
  File "C:\Users\finis\mpf\Lib\site-packages\mpf\devices\light.py", line 315, in _initialize
    self._load_hw_drivers()
  File "C:\Users\finis\mpf\Lib\site-packages\mpf\devices\light.py", line 239, in _load_hw_drivers
    self.raise_config_error("Failed to parse light number {} in platform. See error above".
  File "C:\Users\finis\mpf\Lib\site-packages\mpf\core\logging.py", line 175, in raise_config_error
    raise ConfigFileError(msg, error_no, self.log.name if self.log else "", context, self._url_base) \
mpf.exceptions.config_file_error.ConfigFileError: Config File Error in light.l81: Failed to parse light number l81 in platform. See error above Error Code: CFE-light-4 (https://missionpinball.org/logs)
2025-11-15 16:45:52,844 : INFO : Machine : Starting the main run loop with active modes: []
2025-11-15 16:45:52,844 : WARNING : Machine : Attract mode is not active, game will not be playable. Please check your attract mode configuration.
2025-11-15 16:45:52,846 : INFO : Machine : Shutting down...
2025-11-15 16:45:52,846 : INFO : EventManager : Event: ======'shutdown'====== Args={}
2025-11-15 16:48:07,080 : ERROR : root : Received second SIGINT. Will exit ungracefully!
NoneType: None
