2025-11-17 17:30:07,366 : INFO : root : Loading config.
2025-11-17 17:30:07,368 : INFO : YamlMultifileConfigLoader : Machine config file #1: config.yaml
2025-11-17 17:30:07,369 : INFO : ConfigProcessor : Loading config from cache: C:\Users\finis\AppData\Local\Temp\46a2264aace4dc9247b28883ea729273.mpf_cache
2025-11-17 17:30:07,437 : INFO : ConfigProcessor : Loading config from cache: C:\Users\finis\AppData\Local\Temp\7a912b2511d42635e0b426a52fd16cc1.mpf_cache
2025-11-17 17:30:07,438 : INFO : ConfigProcessor : Loading config from cache: C:\Users\finis\AppData\Local\Temp\846fbc79a2a788b1cf5d5d816f13713f.mpf_cache
2025-11-17 17:30:07,439 : INFO : ConfigProcessor : Loading config from cache: C:\Users\finis\AppData\Local\Temp\7a912b2511d42635e0b426a52fd16cc1.mpf_cache
2025-11-17 17:30:07,439 : INFO : ConfigProcessor : Loading config from cache: C:\Users\finis\AppData\Local\Temp\771489ba91bf1192210b19104700c5d3.mpf_cache
2025-11-17 17:30:07,449 : INFO : ConfigProcessor : Loading config from cache: C:\Users\finis\AppData\Local\Temp\46e23fa43ebcbad0058dff2ccd1749db.mpf_cache
2025-11-17 17:30:07,455 : INFO : ConfigProcessor : Loading config from cache: C:\Users\finis\AppData\Local\Temp\4b672ce255959e7c9d79f5c0592d724e.mpf_cache
2025-11-17 17:30:07,464 : INFO : ConfigProcessor : Loading config from cache: C:\Users\finis\AppData\Local\Temp\e56caea5064b88beeafa152aec070b7d.mpf_cache
2025-11-17 17:30:07,473 : INFO : ConfigProcessor : Loading config from cache: C:\Users\finis\AppData\Local\Temp\9e3f944bf38390c8870a73dddcf76b67.mpf_cache
2025-11-17 17:30:07,480 : INFO : ConfigProcessor : Loading config from cache: C:\Users\finis\AppData\Local\Temp\4bf8b529c69b45d37a3cfe4b57c83b44.mpf_cache
2025-11-17 17:30:07,487 : INFO : ConfigProcessor : Loading config from cache: C:\Users\finis\AppData\Local\Temp\363f67c1c91992cd991e35986d72087d.mpf_cache
2025-11-17 17:30:07,494 : INFO : Machine : Mission Pinball Framework Core Engine v0.80.0.dev11
2025-11-17 17:30:07,494 : INFO : Machine : Command line arguments: {'no_load_cache': False, 'create_config_cache': True, 'bcp': True, 'configfile': ['config.yaml'], 'force_assets_load': False, 'platform_integration_test': False, 'jsonlogging': False, 'logfile': 'logs\\2025-11-17-17-30-07-mpf-Bosgame-1NWVA.log', 'pause': False, 'production': False, 'text_ui': True, 'loglevel': 15, 'consoleloglevel': 20, 'force_platform': None, 'syslog_address': None, 'full_logfile_path': 'C:\\Users\\finis\\diehard-mpf\\logs\\2025-11-17-17-30-07-mpf-Bosgame-1NWVA.log'}
2025-11-17 17:30:07,494 : INFO : Machine : MPF path: C:\Users\finis\mpf\Lib\site-packages\mpf
2025-11-17 17:30:07,494 : INFO : Machine : Machine path: C:\Users\finis\diehard-mpf
2025-11-17 17:30:07,494 : INFO : Machine : Platform: win32
2025-11-17 17:30:07,494 : INFO : Machine : Python executable location: C:\Users\finis\mpf\Scripts\python.exe
2025-11-17 17:30:07,494 : INFO : Machine : Python version: 3.12.7 (64-bit)
2025-11-17 17:30:07,496 : INFO : Machine : Initializing MPF...
2025-11-17 17:30:07,615 : INFO : FAST : Auto-detecting ports for the following connections: ['net', 'aud']
2025-11-17 17:30:07,864 : INFO : FAST : Detected AUD on port COM5
2025-11-17 17:30:07,864 : INFO : FAST : Detected NET on port COM4
2025-11-17 17:30:07,975 : INFO : FAST [NET] : Trying to connect to COM4 at 921600bps
2025-11-17 17:30:08,052 : INFO : FAST [NET] : Connected to COM4 at 921600bps
2025-11-17 17:30:08,068 : INFO : FAST [NET] : Connected to FP-CPU-2000 with firmware v02.26
2025-11-17 17:30:08,099 : INFO : FAST [NET] : Registered I/O Board 0: Model: FP-I/O-0024, Firmware: 01.10, Switches: 24, Drivers: 8
2025-11-17 17:30:08,115 : INFO : FAST [NET] : Registered I/O Board 1: Model: FP-I/O-3208, Firmware: 01.10, Switches: 32, Drivers: 8
2025-11-17 17:30:08,131 : INFO : FAST [NET] : Registered I/O Board 2: Model: FP-I/O-1616, Firmware: 01.10, Switches: 16, Drivers: 16
2025-11-17 17:30:08,147 : INFO : FAST [NET] : Registered I/O Board 3: Model: FP-I/O-1616, Firmware: 01.10, Switches: 16, Drivers: 16
2025-11-17 17:30:08,149 : INFO : FAST [EXP] : Trying to connect to COM3 at 921600bps
2025-11-17 17:30:08,225 : INFO : FAST [EXP] : Connected to COM3 at 921600bps
2025-11-17 17:30:08,241 : INFO : FAST [EXP] : Verifying hardware for EXP "playfield" (FP-EXP-0081, @84) with ID string "EXP FP-EXP-0081  0.12", board address 84
2025-11-17 17:30:08,257 : INFO : FAST [EXP] : Verifying hardware for EXP "playfield" (FP-EXP-0081, @84) with ID string "BRK FP-EXP-0081  0.12", board address 840
2025-11-17 17:30:08,273 : INFO : FAST [EXP] : Verifying hardware for EXP "playfield" (FP-EXP-0081, @84) with ID string "BRK FP-EXP-0081  0.12", board address 841
2025-11-17 17:30:08,289 : INFO : FAST [AUD] : Trying to connect to COM5 at 230400bps
2025-11-17 17:30:08,366 : INFO : FAST [AUD] : Connected to COM5 at 230400bps
2025-11-17 17:30:08,380 : INFO : FAST [AUD] : Connected to FP-AUD-0100 with firmware v0.02
2025-11-17 17:30:08,380 : INFO : EventManager : Event: ======'machine_var_credits_string'====== Args={'value': 'FREE PLAY', 'prev_value': None, 'change': True}
2025-11-17 17:30:08,396 : INFO : EventManager : Event: ======'machine_var_fast_audio_headphones_volume'====== Args={'value': 10, 'prev_value': None, 'change': True}
2025-11-17 17:30:08,396 : INFO : EventManager : Event: ======'machine_var_fast_audio_main_volume'====== Args={'value': 60, 'prev_value': None, 'change': True}
2025-11-17 17:30:08,396 : INFO : EventManager : Event: ======'machine_var_master_volume'====== Args={'value': 0.5, 'prev_value': None, 'change': True}
2025-11-17 17:30:08,396 : INFO : EventManager : Event: ======'machine_var_player1_score'====== Args={'value': 17120, 'prev_value': None, 'change': True}
2025-11-17 17:30:08,396 : INFO : EventManager : Event: ======'machine_var_var_which_attract'====== Args={'value': 0, 'prev_value': None, 'change': True}
2025-11-17 17:30:08,396 : INFO : EventManager : Event: ======'machine_var_mpf_version'====== Args={'value': 'Mission Pinball Framework v0.80.0.dev11', 'prev_value': None, 'change': True}
2025-11-17 17:30:08,396 : INFO : EventManager : Event: ======'machine_var_mpf_extended_version'====== Args={'value': 'Mission Pinball Framework v0.80.0.dev11, Config version:6, Show version: 6, BCP version:1.1', 'prev_value': None, 'change': True}
2025-11-17 17:30:08,396 : INFO : EventManager : Event: ======'machine_var_python_version'====== Args={'value': '3.12.7', 'prev_value': None, 'change': True}
2025-11-17 17:30:08,506 : INFO : EventManager : Event: ======'machine_var_platform'====== Args={'value': 'Windows-11-10.0.26200-SP0', 'prev_value': None, 'change': True}
2025-11-17 17:30:08,506 : INFO : EventManager : Event: ======'machine_var_platform_system'====== Args={'value': 'Windows', 'prev_value': None, 'change': True}
2025-11-17 17:30:08,506 : INFO : EventManager : Event: ======'machine_var_platform_release'====== Args={'value': '11', 'prev_value': None, 'change': True}
2025-11-17 17:30:08,506 : INFO : EventManager : Event: ======'machine_var_platform_version'====== Args={'value': '10.0.26200', 'prev_value': None, 'change': True}
2025-11-17 17:30:08,506 : INFO : EventManager : Event: ======'machine_var_platform_machine'====== Args={'value': 'AMD64', 'prev_value': None, 'change': True}
2025-11-17 17:30:08,506 : INFO : EventManager : Event: ======'machine_var_log_file_path'====== Args={'value': 'C:\\Users\\finis\\diehard-mpf\\logs\\2025-11-17-17-30-07-mpf-Bosgame-1NWVA.log', 'prev_value': None, 'change': True}
2025-11-17 17:30:08,506 : INFO : EventManager : Event: ======'init_phase_1'====== Args={}
2025-11-17 17:30:08,536 : INFO : EventManager : Event: ======'drop_target_bank_bank_up'====== Args={}
2025-11-17 17:30:08,536 : INFO : EventManager : Event: ======'drop_target_bank_bank1_up'====== Args={}
2025-11-17 17:30:08,536 : INFO : EventManager : Event: ======'drop_target_bank_bank2_up'====== Args={}
2025-11-17 17:30:08,536 : ERROR : asyncio : Task exception was never retrieved
future: <Task finished name='Task-175' coro=<SystemWideDevice.device_added_system_wide() done, defined at C:\Users\finis\mpf\Lib\site-packages\mpf\core\system_wide_device.py:15> exception=ConfigFileError('Failed to configure light l137 in platform. See error above')>
Traceback (most recent call last):
  File "C:\Users\finis\mpf\Lib\site-packages\mpf\devices\light.py", line 284, in _load_hw_driver
    return platform.configure_light(channel['number'], channel['subtype'], config, channel['platform_settings'])
           ^^^^^^^^^^^^^^^^^^^^^^^^^^^^^^^^^^^^^^^^^^^^^^^^^^^^^^^^^^^^^^^^^^^^^^^^^^^^^^^^^^^^^^^^^^^^^^^^^^^^^
  File "C:\Users\finis\mpf\Lib\site-packages\mpf\platforms\fast\fast.py", line 629, in configure_light
    index = self.port_idx_to_hex(port, led, 32, config.name)
            ^^^^^^^^^^^^^^^^^^^^^^^^^^^^^^^^^^^^^^^^^^^^^^^^
  File "C:\Users\finis\mpf\Lib\site-packages\mpf\platforms\fast\fast.py", line 701, in port_idx_to_hex
    self.raise_config_error(f"Device number {device_num} exceeds the number of devices per port "
  File "C:\Users\finis\mpf\Lib\site-packages\mpf\core\logging.py", line 175, in raise_config_error
    raise ConfigFileError(msg, error_no, self.log.name if self.log else "", context, self._url_base) \
mpf.exceptions.config_file_error.ConfigFileError: Config File Error in FAST: Device number 33 exceeds the number of devices per port (32) for LED l137 Error Code: CFE-https://fastpinball.com/mpf/error-9 (https://missionpinball.org/logs)

The above exception was the direct cause of the following exception:

Traceback (most recent call last):
  File "C:\Users\finis\mpf\Lib\site-packages\mpf\core\system_wide_device.py", line 17, in device_added_system_wide
    await self._initialize()
  File "C:\Users\finis\mpf\Lib\site-packages\mpf\devices\light.py", line 315, in _initialize
    self._load_hw_drivers()
  File "C:\Users\finis\mpf\Lib\site-packages\mpf\devices\light.py", line 267, in _load_hw_drivers
    driver = self._load_hw_driver(channel, color)
             ^^^^^^^^^^^^^^^^^^^^^^^^^^^^^^^^^^^^
  File "C:\Users\finis\mpf\Lib\site-packages\mpf\devices\light.py", line 286, in _load_hw_driver
    self.raise_config_error("Failed to configure light {} in platform. See error above".format(self.name), 7,
  File "C:\Users\finis\mpf\Lib\site-packages\mpf\core\logging.py", line 175, in raise_config_error
    raise ConfigFileError(msg, error_no, self.log.name if self.log else "", context, self._url_base) \
mpf.exceptions.config_file_error.ConfigFileError: Config File Error in light.l137: Failed to configure light l137 in platform. See error above Error Code: CFE-light-7 (https://missionpinball.org/logs)
2025-11-17 17:30:08,539 : ERROR : asyncio : Task exception was never retrieved
future: <Task finished name='Task-176' coro=<SystemWideDevice.device_added_system_wide() done, defined at C:\Users\finis\mpf\Lib\site-packages\mpf\core\system_wide_device.py:15> exception=ConfigFileError('Failed to configure light l135 in platform. See error above')>
Traceback (most recent call last):
  File "C:\Users\finis\mpf\Lib\site-packages\mpf\devices\light.py", line 284, in _load_hw_driver
    return platform.configure_light(channel['number'], channel['subtype'], config, channel['platform_settings'])
           ^^^^^^^^^^^^^^^^^^^^^^^^^^^^^^^^^^^^^^^^^^^^^^^^^^^^^^^^^^^^^^^^^^^^^^^^^^^^^^^^^^^^^^^^^^^^^^^^^^^^^
  File "C:\Users\finis\mpf\Lib\site-packages\mpf\platforms\fast\fast.py", line 629, in configure_light
    index = self.port_idx_to_hex(port, led, 32, config.name)
            ^^^^^^^^^^^^^^^^^^^^^^^^^^^^^^^^^^^^^^^^^^^^^^^^
  File "C:\Users\finis\mpf\Lib\site-packages\mpf\platforms\fast\fast.py", line 701, in port_idx_to_hex
    self.raise_config_error(f"Device number {device_num} exceeds the number of devices per port "
  File "C:\Users\finis\mpf\Lib\site-packages\mpf\core\logging.py", line 175, in raise_config_error
    raise ConfigFileError(msg, error_no, self.log.name if self.log else "", context, self._url_base) \
mpf.exceptions.config_file_error.ConfigFileError: Config File Error in FAST: Device number 34 exceeds the number of devices per port (32) for LED l135 Error Code: CFE-https://fastpinball.com/mpf/error-9 (https://missionpinball.org/logs)

The above exception was the direct cause of the following exception:

Traceback (most recent call last):
  File "C:\Users\finis\mpf\Lib\site-packages\mpf\core\system_wide_device.py", line 17, in device_added_system_wide
    await self._initialize()
  File "C:\Users\finis\mpf\Lib\site-packages\mpf\devices\light.py", line 315, in _initialize
    self._load_hw_drivers()
  File "C:\Users\finis\mpf\Lib\site-packages\mpf\devices\light.py", line 267, in _load_hw_drivers
    driver = self._load_hw_driver(channel, color)
             ^^^^^^^^^^^^^^^^^^^^^^^^^^^^^^^^^^^^
  File "C:\Users\finis\mpf\Lib\site-packages\mpf\devices\light.py", line 286, in _load_hw_driver
    self.raise_config_error("Failed to configure light {} in platform. See error above".format(self.name), 7,
  File "C:\Users\finis\mpf\Lib\site-packages\mpf\core\logging.py", line 175, in raise_config_error
    raise ConfigFileError(msg, error_no, self.log.name if self.log else "", context, self._url_base) \
mpf.exceptions.config_file_error.ConfigFileError: Config File Error in light.l135: Failed to configure light l135 in platform. See error above Error Code: CFE-light-7 (https://missionpinball.org/logs)
2025-11-17 17:30:08,539 : ERROR : asyncio : Task exception was never retrieved
future: <Task finished name='Task-177' coro=<SystemWideDevice.device_added_system_wide() done, defined at C:\Users\finis\mpf\Lib\site-packages\mpf\core\system_wide_device.py:15> exception=ConfigFileError('Failed to configure light l133 in platform. See error above')>
Traceback (most recent call last):
  File "C:\Users\finis\mpf\Lib\site-packages\mpf\devices\light.py", line 284, in _load_hw_driver
    return platform.configure_light(channel['number'], channel['subtype'], config, channel['platform_settings'])
           ^^^^^^^^^^^^^^^^^^^^^^^^^^^^^^^^^^^^^^^^^^^^^^^^^^^^^^^^^^^^^^^^^^^^^^^^^^^^^^^^^^^^^^^^^^^^^^^^^^^^^
  File "C:\Users\finis\mpf\Lib\site-packages\mpf\platforms\fast\fast.py", line 629, in configure_light
    index = self.port_idx_to_hex(port, led, 32, config.name)
            ^^^^^^^^^^^^^^^^^^^^^^^^^^^^^^^^^^^^^^^^^^^^^^^^
  File "C:\Users\finis\mpf\Lib\site-packages\mpf\platforms\fast\fast.py", line 701, in port_idx_to_hex
    self.raise_config_error(f"Device number {device_num} exceeds the number of devices per port "
  File "C:\Users\finis\mpf\Lib\site-packages\mpf\core\logging.py", line 175, in raise_config_error
    raise ConfigFileError(msg, error_no, self.log.name if self.log else "", context, self._url_base) \
mpf.exceptions.config_file_error.ConfigFileError: Config File Error in FAST: Device number 35 exceeds the number of devices per port (32) for LED l133 Error Code: CFE-https://fastpinball.com/mpf/error-9 (https://missionpinball.org/logs)

The above exception was the direct cause of the following exception:

Traceback (most recent call last):
  File "C:\Users\finis\mpf\Lib\site-packages\mpf\core\system_wide_device.py", line 17, in device_added_system_wide
    await self._initialize()
  File "C:\Users\finis\mpf\Lib\site-packages\mpf\devices\light.py", line 315, in _initialize
    self._load_hw_drivers()
  File "C:\Users\finis\mpf\Lib\site-packages\mpf\devices\light.py", line 267, in _load_hw_drivers
    driver = self._load_hw_driver(channel, color)
             ^^^^^^^^^^^^^^^^^^^^^^^^^^^^^^^^^^^^
  File "C:\Users\finis\mpf\Lib\site-packages\mpf\devices\light.py", line 286, in _load_hw_driver
    self.raise_config_error("Failed to configure light {} in platform. See error above".format(self.name), 7,
  File "C:\Users\finis\mpf\Lib\site-packages\mpf\core\logging.py", line 175, in raise_config_error
    raise ConfigFileError(msg, error_no, self.log.name if self.log else "", context, self._url_base) \
mpf.exceptions.config_file_error.ConfigFileError: Config File Error in light.l133: Failed to configure light l133 in platform. See error above Error Code: CFE-light-7 (https://missionpinball.org/logs)
2025-11-17 17:30:08,540 : ERROR : asyncio : Task exception was never retrieved
future: <Task finished name='Task-178' coro=<SystemWideDevice.device_added_system_wide() done, defined at C:\Users\finis\mpf\Lib\site-packages\mpf\core\system_wide_device.py:15> exception=ConfigFileError('Failed to configure light l130 in platform. See error above')>
Traceback (most recent call last):
  File "C:\Users\finis\mpf\Lib\site-packages\mpf\devices\light.py", line 284, in _load_hw_driver
    return platform.configure_light(channel['number'], channel['subtype'], config, channel['platform_settings'])
           ^^^^^^^^^^^^^^^^^^^^^^^^^^^^^^^^^^^^^^^^^^^^^^^^^^^^^^^^^^^^^^^^^^^^^^^^^^^^^^^^^^^^^^^^^^^^^^^^^^^^^
  File "C:\Users\finis\mpf\Lib\site-packages\mpf\platforms\fast\fast.py", line 629, in configure_light
    index = self.port_idx_to_hex(port, led, 32, config.name)
            ^^^^^^^^^^^^^^^^^^^^^^^^^^^^^^^^^^^^^^^^^^^^^^^^
  File "C:\Users\finis\mpf\Lib\site-packages\mpf\platforms\fast\fast.py", line 701, in port_idx_to_hex
    self.raise_config_error(f"Device number {device_num} exceeds the number of devices per port "
  File "C:\Users\finis\mpf\Lib\site-packages\mpf\core\logging.py", line 175, in raise_config_error
    raise ConfigFileError(msg, error_no, self.log.name if self.log else "", context, self._url_base) \
mpf.exceptions.config_file_error.ConfigFileError: Config File Error in FAST: Device number 36 exceeds the number of devices per port (32) for LED l130 Error Code: CFE-https://fastpinball.com/mpf/error-9 (https://missionpinball.org/logs)

The above exception was the direct cause of the following exception:

Traceback (most recent call last):
  File "C:\Users\finis\mpf\Lib\site-packages\mpf\core\system_wide_device.py", line 17, in device_added_system_wide
    await self._initialize()
  File "C:\Users\finis\mpf\Lib\site-packages\mpf\devices\light.py", line 315, in _initialize
    self._load_hw_drivers()
  File "C:\Users\finis\mpf\Lib\site-packages\mpf\devices\light.py", line 267, in _load_hw_drivers
    driver = self._load_hw_driver(channel, color)
             ^^^^^^^^^^^^^^^^^^^^^^^^^^^^^^^^^^^^
  File "C:\Users\finis\mpf\Lib\site-packages\mpf\devices\light.py", line 286, in _load_hw_driver
    self.raise_config_error("Failed to configure light {} in platform. See error above".format(self.name), 7,
  File "C:\Users\finis\mpf\Lib\site-packages\mpf\core\logging.py", line 175, in raise_config_error
    raise ConfigFileError(msg, error_no, self.log.name if self.log else "", context, self._url_base) \
mpf.exceptions.config_file_error.ConfigFileError: Config File Error in light.l130: Failed to configure light l130 in platform. See error above Error Code: CFE-light-7 (https://missionpinball.org/logs)
2025-11-17 17:30:08,546 : INFO : Machine : Starting the main run loop with active modes: []
2025-11-17 17:30:08,546 : WARNING : Machine : Attract mode is not active, game will not be playable. Please check your attract mode configuration.
2025-11-17 17:30:08,547 : INFO : Machine : Shutting down...
2025-11-17 17:30:08,547 : INFO : EventManager : Event: ======'shutdown'====== Args={}
2025-11-17 17:30:09,680 : ERROR : Machine : Runtime Exception
Traceback (most recent call last):
  File "C:\Users\finis\mpf\Lib\site-packages\mpf\devices\light.py", line 284, in _load_hw_driver
    return platform.configure_light(channel['number'], channel['subtype'], config, channel['platform_settings'])
           ^^^^^^^^^^^^^^^^^^^^^^^^^^^^^^^^^^^^^^^^^^^^^^^^^^^^^^^^^^^^^^^^^^^^^^^^^^^^^^^^^^^^^^^^^^^^^^^^^^^^^
  File "C:\Users\finis\mpf\Lib\site-packages\mpf\platforms\fast\fast.py", line 629, in configure_light
    index = self.port_idx_to_hex(port, led, 32, config.name)
            ^^^^^^^^^^^^^^^^^^^^^^^^^^^^^^^^^^^^^^^^^^^^^^^^
  File "C:\Users\finis\mpf\Lib\site-packages\mpf\platforms\fast\fast.py", line 701, in port_idx_to_hex
    self.raise_config_error(f"Device number {device_num} exceeds the number of devices per port "
  File "C:\Users\finis\mpf\Lib\site-packages\mpf\core\logging.py", line 175, in raise_config_error
    raise ConfigFileError(msg, error_no, self.log.name if self.log else "", context, self._url_base) \
mpf.exceptions.config_file_error.ConfigFileError: Config File Error in FAST: Device number 33 exceeds the number of devices per port (32) for LED l137 Error Code: CFE-https://fastpinball.com/mpf/error-9 (https://missionpinball.org/logs)

The above exception was the direct cause of the following exception:

Traceback (most recent call last):
  File "C:\Users\finis\mpf\Lib\site-packages\mpf\core\machine.py", line 810, in _run_loop
    raise self._exception['exception']
  File "C:\Users\finis\mpf\Lib\site-packages\mpf\core\system_wide_device.py", line 17, in device_added_system_wide
    await self._initialize()
  File "C:\Users\finis\mpf\Lib\site-packages\mpf\devices\light.py", line 315, in _initialize
    self._load_hw_drivers()
  File "C:\Users\finis\mpf\Lib\site-packages\mpf\devices\light.py", line 267, in _load_hw_drivers
    driver = self._load_hw_driver(channel, color)
             ^^^^^^^^^^^^^^^^^^^^^^^^^^^^^^^^^^^^
  File "C:\Users\finis\mpf\Lib\site-packages\mpf\devices\light.py", line 286, in _load_hw_driver
    self.raise_config_error("Failed to configure light {} in platform. See error above".format(self.name), 7,
  File "C:\Users\finis\mpf\Lib\site-packages\mpf\core\logging.py", line 175, in raise_config_error
    raise ConfigFileError(msg, error_no, self.log.name if self.log else "", context, self._url_base) \
mpf.exceptions.config_file_error.ConfigFileError: Config File Error in light.l137: Failed to configure light l137 in platform. See error above Error Code: CFE-light-7 (https://missionpinball.org/logs)
2025-11-17 17:30:09,682 : INFO : root : MPF run loop ended.
